15:01:34 **** Build of configuration Default for project game_of_life ****
xmake all 
Checking build modules
Using build modules: lib_i2c(3.0.0) lib_logging(2.0.0) lib_xassert(2.0.0)
Analyzing main.xc
Propagating analysis
Creating dependencies for main.xc
Compiling main.xc
Compiling i2c_master.xc
Creating game_of_life.xe
Build Complete
15:01:40 **** Build of configuration Default for project lib_i2c ****
xmake -f .makefile all 
** Module only - only builds as part of application **
15:01:40 **** Build of configuration Default for project lib_logging ****
xmake -f .makefile all 
** Module only - only builds as part of application **
15:01:40 **** Build of configuration Default for project lib_xassert ****
xmake -f .makefile all 
** Module only - only builds as part of application **
15:02:06 **** Incremental Build of configuration Default for project game_of_life ****
xmake all 
Checking build modules
Using build modules: lib_i2c(3.0.0) lib_logging(2.0.0) lib_xassert(2.0.0)
xmake[1]: `bin//game_of_life.xe' is up to date.
Build Complete
15:03:11 **** Incremental Build of configuration Default for project game_of_life ****
xmake all 
Checking build modules
Using build modules: lib_i2c(3.0.0) lib_logging(2.0.0) lib_xassert(2.0.0)
xmake[1]: `bin//game_of_life.xe' is up to date.
Build Complete
15:03:36 **** Incremental Build of configuration Default for project game_of_life ****
xmake all 
Checking build modules
Using build modules: lib_i2c(3.0.0) lib_logging(2.0.0) lib_xassert(2.0.0)
xmake[1]: `bin//game_of_life.xe' is up to date.
Build Complete
15:05:55 **** Incremental Build of configuration Default for project game_of_life ****
xmake all 
Checking build modules
Using build modules: lib_i2c(3.0.0) lib_logging(2.0.0) lib_xassert(2.0.0)
Analyzing main.xc
Propagating analysis
Creating dependencies for main.xc
Compiling main.xc
Compiling i2c_master.xc
Creating game_of_life.xe
Build Complete
15:06:51 **** Incremental Build of configuration Default for project game_of_life ****
xmake all 
Checking build modules
Using build modules: lib_i2c(3.0.0) lib_logging(2.0.0) lib_xassert(2.0.0)
Analyzing main.xc
Propagating analysis
Creating dependencies for main.xc
Compiling main.xc
Compiling i2c_master.xc
Creating game_of_life.xe
Build Complete
15:07:16 **** Incremental Build of configuration Default for project game_of_life ****
xmake all 
Checking build modules
Using build modules: lib_i2c(3.0.0) lib_logging(2.0.0) lib_xassert(2.0.0)
Analyzing main.xc
Creating dependencies for main.xc
Compiling main.xc
Creating game_of_life.xe
Build Complete
15:07:44 **** Incremental Build of configuration Default for project game_of_life ****
xmake all 
Checking build modules
Using build modules: lib_i2c(3.0.0) lib_logging(2.0.0) lib_xassert(2.0.0)
Analyzing main.xc
Creating dependencies for main.xc
Compiling main.xc
Creating game_of_life.xe
Build Complete
15:31:16 **** Incremental Build of configuration Default for project game_of_life ****
xmake all 
Checking build modules
Using build modules: lib_i2c(3.0.0) lib_logging(2.0.0) lib_xassert(2.0.0)
Analyzing main.xc
Propagating analysis
Creating dependencies for main.xc
Compiling main.xc
Compiling i2c_master.xc
Creating game_of_life.xe
Build Complete
15:32:51 **** Incremental Build of configuration Default for project game_of_life ****
xmake all 
Checking build modules
Using build modules: lib_i2c(3.0.0) lib_logging(2.0.0) lib_xassert(2.0.0)
Analyzing main.xc
Propagating analysis
Creating dependencies for main.xc
Compiling main.xc
Compiling i2c_master.xc
Creating game_of_life.xe
Build Complete
15:43:55 **** Build of configuration Default for project game_of_life ****
xmake all 
Checking build modules
Using build modules: lib_i2c(3.0.0) lib_logging(2.0.0) lib_xassert(2.0.0)
Analyzing main.xc
Propagating analysis
Creating dependencies for main.xc
Compiling main.xc
Compiling i2c_master.xc
Creating game_of_life.xe
Build Complete
